May 17, 2016 1:15:22 PM Utils.Log log
INFO: [class Utils.AppStateManager] No app state found
May 17, 2016 1:15:26 PM Utils.Log log
INFO: [class Utils.FavoritesManager] Favorite added: Casey
May 17, 2016 1:15:26 PM Utils.Log log
INFO: [class Data.DataManager] Loading cached data for Casey
May 17, 2016 1:15:26 PM Utils.Log log
INFO: [class Data.DataManager] Cached data successfully loaded for Casey
May 17, 2016 1:15:26 PM Utils.Log log
INFO: [class View.Main] Station selected: Casey (no data)
May 17, 2016 1:15:26 PM Utils.Log log
INFO: [class Data.DataManager] Starting to download data for Casey
May 17, 2016 1:15:26 PM Utils.Log log
INFO: [class Data.DataManager] Loading cached data for Casey
May 17, 2016 1:15:26 PM Utils.Log log
INFO: [class Data.DataManager] Cached data successfully loaded for Casey
May 17, 2016 1:15:27 PM Utils.Log log
INFO: [class Utils.StationDataWorker] Casey data downloaded
May 17, 2016 1:15:27 PM Utils.Log log
INFO: [class View.Main] Station selected: Casey (data available)
May 17, 2016 1:15:27 PM Utils.Log log
INFO: [class View.LineChart] New range, min: -23.1, max: 0.4
May 17, 2016 1:15:35 PM Utils.Log log
INFO: [class View.LineChart] New range, min: -25.1, max: 1.401298464324817E-45
May 17, 2016 1:15:40 PM Utils.Log log
INFO: [class Utils.FavoritesManager] Favorite added: Casey (Cape Poinsett)
May 17, 2016 1:15:40 PM Utils.Log log
INFO: [class Data.DataManager] Loading cached data for Casey (Cape Poinsett)
May 17, 2016 1:15:40 PM Utils.Log log
INFO: [class Data.DataManager] Cached data successfully loaded for Casey (Cape Poinsett)
May 17, 2016 1:15:40 PM Utils.Log log
INFO: [class View.Main] Station selected: Casey (Cape Poinsett) (no data)
May 17, 2016 1:15:40 PM Utils.Log log
INFO: [class Data.DataManager] Starting to download data for Casey
May 17, 2016 1:15:40 PM Utils.Log log
INFO: [class Data.DataManager] Loading cached data for Casey
May 17, 2016 1:15:40 PM Utils.Log log
INFO: [class Data.DataManager] Cached data successfully loaded for Casey
May 17, 2016 1:15:40 PM Utils.Log log
INFO: [class Data.DataManager] Starting to download data for Casey (Cape Poinsett)
May 17, 2016 1:15:40 PM Utils.Log log
INFO: [class Data.DataManager] Loading cached data for Casey (Cape Poinsett)
May 17, 2016 1:15:40 PM Utils.Log log
INFO: [class Data.DataManager] Cached data successfully loaded for Casey (Cape Poinsett)
May 17, 2016 1:15:40 PM Utils.Log log
INFO: [class Utils.StationDataWorker] Casey (Cape Poinsett) data downloaded
May 17, 2016 1:15:40 PM Utils.Log log
INFO: [class View.Main] Station selected: Casey (Cape Poinsett) (data available)
May 17, 2016 1:15:40 PM Utils.Log log
INFO: [class Utils.StationDataWorker] Casey data downloaded
May 17, 2016 1:15:47 PM Utils.Log log
INFO: [class View.Main] Station selected: Casey (data available)
May 17, 2016 1:15:47 PM Utils.Log log
INFO: [class View.LineChart] New range, min: -25.1, max: 1.401298464324817E-45
May 17, 2016 1:15:47 PM Utils.Log log
INFO: [class View.Main] Station selected: Casey (Cape Poinsett) (data available)
May 17, 2016 1:15:48 PM Utils.Log log
INFO: [class View.Main] Station selected: Casey (data available)
May 17, 2016 1:15:48 PM Utils.Log log
INFO: [class View.LineChart] New range, min: -25.1, max: 1.401298464324817E-45
May 17, 2016 1:16:39 PM Utils.Log log
INFO: [class Utils.AppStateManager] Existing app state loaded
May 17, 2016 1:16:39 PM Utils.Log log
INFO: [class Utils.FavoritesManager] Loading existing favorites
May 17, 2016 1:16:39 PM Utils.Log log
INFO: [class Data.DataManager] Loading cached data for Casey
May 17, 2016 1:16:40 PM Utils.Log log
INFO: [class Data.DataManager] Cached data successfully loaded for Casey
May 17, 2016 1:16:41 PM Utils.Log log
INFO: [class View.LineChart] New range, min: -25.1, max: 1.401298464324817E-45
May 17, 2016 1:16:41 PM Utils.Log log
INFO: [class Data.DataManager] Starting to download data for Casey
May 17, 2016 1:16:41 PM Utils.Log log
INFO: [class Data.DataManager] Loading cached data for Casey
May 17, 2016 1:16:41 PM Utils.Log log
INFO: [class Data.DataManager] Cached data successfully loaded for Casey
May 17, 2016 1:16:41 PM Utils.Log log
INFO: [class Data.DataManager] Starting to download data for Casey (Cape Poinsett)
May 17, 2016 1:16:41 PM Utils.Log log
INFO: [class Data.DataManager] Loading cached data for Casey (Cape Poinsett)
May 17, 2016 1:16:41 PM Utils.Log log
INFO: [class Data.DataManager] Cached data successfully loaded for Casey (Cape Poinsett)
May 17, 2016 1:16:41 PM Utils.Log log
INFO: [class Utils.StationDataWorker] Casey (Cape Poinsett) data downloaded
May 17, 2016 1:16:42 PM Utils.Log log
INFO: [class Utils.StationDataWorker] Casey data downloaded
May 17, 2016 1:16:42 PM Utils.Log log
INFO: [class View.Main] Station selected: Casey (data available)
May 17, 2016 1:16:42 PM Utils.Log log
INFO: [class View.LineChart] New range, min: -25.1, max: 1.401298464324817E-45
May 17, 2016 1:19:39 PM Utils.Log log
INFO: [class View.ForecastChart] New range, min: 9.69, max: 19.89
May 17, 2016 1:19:52 PM Utils.Log log
INFO: [class View.ForecastChart] New range, min: 11.68, max: 17.03
May 17, 2016 1:20:01 PM Utils.Log log
INFO: [class View.ForecastChart] New range, min: 9.69, max: 19.89
May 17, 2016 1:22:04 PM Utils.Log log
INFO: [class Utils.AppStateManager] Existing app state loaded
May 17, 2016 1:22:05 PM Utils.Log log
INFO: [class Utils.FavoritesManager] Loading existing favorites
May 17, 2016 1:22:05 PM Utils.Log log
INFO: [class Data.DataManager] Loading cached data for Casey
May 17, 2016 1:22:05 PM Utils.Log log
INFO: [class Data.DataManager] Cached data successfully loaded for Casey
May 17, 2016 1:22:06 PM Utils.Log log
INFO: [class View.LineChart] New range, min: -25.1, max: 1.401298464324817E-45
May 17, 2016 1:22:06 PM Utils.Log log
INFO: [class Data.DataManager] Starting to download data for Casey
May 17, 2016 1:22:06 PM Utils.Log log
INFO: [class Data.DataManager] Loading cached data for Casey
May 17, 2016 1:22:06 PM Utils.Log log
INFO: [class Data.DataManager] Cached data successfully loaded for Casey
May 17, 2016 1:22:06 PM Utils.Log log
INFO: [class Data.DataManager] Starting to download data for Casey (Cape Poinsett)
May 17, 2016 1:22:06 PM Utils.Log log
INFO: [class Data.DataManager] Loading cached data for Casey (Cape Poinsett)
May 17, 2016 1:22:06 PM Utils.Log log
INFO: [class Data.DataManager] Cached data successfully loaded for Casey (Cape Poinsett)
May 17, 2016 1:22:06 PM Utils.Log log
INFO: [class Utils.StationDataWorker] Casey (Cape Poinsett) data downloaded
May 17, 2016 1:22:07 PM Utils.Log log
INFO: [class Utils.StationDataWorker] Casey data downloaded
May 17, 2016 1:22:07 PM Utils.Log log
INFO: [class View.Main] Station selected: Casey (data available)
May 17, 2016 1:22:07 PM Utils.Log log
INFO: [class View.LineChart] New range, min: -25.1, max: 1.401298464324817E-45
May 17, 2016 1:22:10 PM Utils.Log log
INFO: [class View.Main] Station selected: Casey (Cape Poinsett) (data available)
May 17, 2016 1:22:18 PM Utils.Log log
INFO: [class Utils.AppStateManager] App state saved successfully
May 17, 2016 1:23:25 PM Utils.Log log
INFO: [class Utils.AppStateManager] Existing app state loaded
May 17, 2016 1:23:25 PM Utils.Log log
INFO: [class Utils.FavoritesManager] Loading existing favorites
May 17, 2016 1:23:25 PM Utils.Log log
INFO: [class Data.DataManager] Loading cached data for Casey (Cape Poinsett)
May 17, 2016 1:23:25 PM Utils.Log log
INFO: [class Data.DataManager] Cached data successfully loaded for Casey (Cape Poinsett)
May 17, 2016 1:23:26 PM Utils.Log log
INFO: [class Data.DataManager] Starting to download data for Casey
May 17, 2016 1:23:26 PM Utils.Log log
INFO: [class Data.DataManager] Loading cached data for Casey
May 17, 2016 1:23:26 PM Utils.Log log
INFO: [class Data.DataManager] Cached data successfully loaded for Casey
May 17, 2016 1:23:26 PM Utils.Log log
INFO: [class Data.DataManager] Starting to download data for Casey (Cape Poinsett)
May 17, 2016 1:23:26 PM Utils.Log log
INFO: [class Data.DataManager] Loading cached data for Casey (Cape Poinsett)
May 17, 2016 1:23:26 PM Utils.Log log
INFO: [class Data.DataManager] Cached data successfully loaded for Casey (Cape Poinsett)
May 17, 2016 1:23:27 PM Utils.Log log
INFO: [class Utils.StationDataWorker] Casey (Cape Poinsett) data downloaded
May 17, 2016 1:23:27 PM Utils.Log log
INFO: [class View.Main] Station selected: Casey (Cape Poinsett) (data available)
May 17, 2016 1:23:27 PM Utils.Log log
INFO: [class Utils.StationDataWorker] Casey data downloaded
May 17, 2016 1:23:37 PM Utils.Log log
INFO: [class Utils.AppStateManager] App state saved successfully
May 17, 2016 1:23:47 PM Utils.Log log
INFO: [class Utils.AppStateManager] Existing app state loaded
May 17, 2016 1:23:47 PM Utils.Log log
INFO: [class Utils.FavoritesManager] Loading existing favorites
May 17, 2016 1:23:47 PM Utils.Log log
INFO: [class Data.DataManager] Loading cached data for Casey (Cape Poinsett)
May 17, 2016 1:23:48 PM Utils.Log log
INFO: [class Data.DataManager] Cached data successfully loaded for Casey (Cape Poinsett)
May 17, 2016 1:23:49 PM Utils.Log log
INFO: [class Data.DataManager] Starting to download data for Casey
May 17, 2016 1:23:49 PM Utils.Log log
INFO: [class Data.DataManager] Loading cached data for Casey
May 17, 2016 1:23:49 PM Utils.Log log
INFO: [class Data.DataManager] Cached data successfully loaded for Casey
May 17, 2016 1:23:49 PM Utils.Log log
INFO: [class Data.DataManager] Starting to download data for Casey (Cape Poinsett)
May 17, 2016 1:23:49 PM Utils.Log log
INFO: [class Data.DataManager] Loading cached data for Casey (Cape Poinsett)
May 17, 2016 1:23:49 PM Utils.Log log
INFO: [class Data.DataManager] Cached data successfully loaded for Casey (Cape Poinsett)
May 17, 2016 1:23:49 PM Utils.Log log
INFO: [class Utils.StationDataWorker] Casey (Cape Poinsett) data downloaded
May 17, 2016 1:23:49 PM Utils.Log log
INFO: [class View.Main] Station selected: Casey (Cape Poinsett) (data available)
May 17, 2016 1:23:49 PM Utils.Log log
INFO: [class Utils.StationDataWorker] Casey data downloaded
May 17, 2016 1:23:59 PM Utils.Log log
INFO: [class Utils.AppStateManager] App state saved successfully
May 17, 2016 1:24:22 PM Utils.Log log
INFO: [class Utils.AppStateManager] Existing app state loaded
May 17, 2016 1:24:22 PM Utils.Log log
INFO: [class Utils.FavoritesManager] Loading existing favorites
May 17, 2016 1:24:22 PM Utils.Log log
INFO: [class Data.DataManager] Loading cached data for Casey (Cape Poinsett)
May 17, 2016 1:24:22 PM Utils.Log log
INFO: [class Data.DataManager] Cached data successfully loaded for Casey (Cape Poinsett)
May 17, 2016 1:24:23 PM Utils.Log log
INFO: [class Data.DataManager] Starting to download data for Casey
May 17, 2016 1:24:23 PM Utils.Log log
INFO: [class Data.DataManager] Loading cached data for Casey
May 17, 2016 1:24:23 PM Utils.Log log
INFO: [class Data.DataManager] Cached data successfully loaded for Casey
May 17, 2016 1:24:23 PM Utils.Log log
INFO: [class Data.DataManager] Starting to download data for Casey (Cape Poinsett)
May 17, 2016 1:24:23 PM Utils.Log log
INFO: [class Data.DataManager] Loading cached data for Casey (Cape Poinsett)
May 17, 2016 1:24:23 PM Utils.Log log
INFO: [class Data.DataManager] Cached data successfully loaded for Casey (Cape Poinsett)
May 17, 2016 1:24:24 PM Utils.Log log
INFO: [class Utils.StationDataWorker] Casey (Cape Poinsett) data downloaded
May 17, 2016 1:24:24 PM Utils.Log log
INFO: [class View.Main] Station selected: Casey (Cape Poinsett) (data available)
May 17, 2016 1:24:25 PM Utils.Log log
INFO: [class Utils.StationDataWorker] Casey data downloaded
May 17, 2016 1:24:30 PM Utils.Log log
INFO: [class Utils.AppStateManager] App state saved successfully
May 17, 2016 1:24:48 PM Utils.Log log
INFO: [class Utils.AppStateManager] Existing app state loaded
May 17, 2016 1:24:48 PM Utils.Log log
INFO: [class Utils.FavoritesManager] Loading existing favorites
May 17, 2016 1:24:48 PM Utils.Log log
INFO: [class Data.DataManager] Loading cached data for Casey (Cape Poinsett)
May 17, 2016 1:24:48 PM Utils.Log log
INFO: [class Data.DataManager] Cached data successfully loaded for Casey (Cape Poinsett)
May 17, 2016 1:24:49 PM Utils.Log log
INFO: [class Data.DataManager] Starting to download data for Casey
May 17, 2016 1:24:49 PM Utils.Log log
INFO: [class Data.DataManager] Loading cached data for Casey
May 17, 2016 1:24:49 PM Utils.Log log
INFO: [class Data.DataManager] Cached data successfully loaded for Casey
May 17, 2016 1:24:49 PM Utils.Log log
INFO: [class Data.DataManager] Starting to download data for Casey (Cape Poinsett)
May 17, 2016 1:24:49 PM Utils.Log log
INFO: [class Data.DataManager] Loading cached data for Casey (Cape Poinsett)
May 17, 2016 1:24:49 PM Utils.Log log
INFO: [class Data.DataManager] Cached data successfully loaded for Casey (Cape Poinsett)
May 17, 2016 1:24:50 PM Utils.Log log
INFO: [class Utils.StationDataWorker] Casey (Cape Poinsett) data downloaded
May 17, 2016 1:24:50 PM Utils.Log log
INFO: [class View.Main] Station selected: Casey (Cape Poinsett) (data available)
May 17, 2016 1:24:50 PM Utils.Log log
INFO: [class Utils.StationDataWorker] Casey data downloaded
May 17, 2016 1:24:52 PM Utils.Log log
INFO: [class Utils.AppStateManager] App state saved successfully
May 17, 2016 1:37:05 PM Utils.Log log
INFO: [class Utils.AppStateManager] Existing app state loaded
May 17, 2016 1:37:05 PM Utils.Log log
INFO: [class Utils.FavoritesManager] Loading existing favorites
May 17, 2016 1:37:05 PM Utils.Log log
INFO: [class Data.DataManager] Loading cached data for Casey (Cape Poinsett)
May 17, 2016 1:37:05 PM Utils.Log log
INFO: [class Data.DataManager] Cached data successfully loaded for Casey (Cape Poinsett)
May 17, 2016 1:37:06 PM Utils.Log log
INFO: [class Data.DataManager] Starting to download data for Casey
May 17, 2016 1:37:06 PM Utils.Log log
INFO: [class Data.DataManager] Loading cached data for Casey
May 17, 2016 1:37:06 PM Utils.Log log
INFO: [class Data.DataManager] Cached data successfully loaded for Casey
May 17, 2016 1:37:06 PM Utils.Log log
INFO: [class Data.DataManager] Starting to download data for Casey (Cape Poinsett)
May 17, 2016 1:37:06 PM Utils.Log log
INFO: [class Data.DataManager] Loading cached data for Casey (Cape Poinsett)
May 17, 2016 1:37:06 PM Utils.Log log
INFO: [class Data.DataManager] Cached data successfully loaded for Casey (Cape Poinsett)
May 17, 2016 1:37:07 PM Utils.Log log
INFO: [class Utils.StationDataWorker] Casey (Cape Poinsett) data downloaded
May 17, 2016 1:37:07 PM Utils.Log log
INFO: [class View.Main] Station selected: Casey (Cape Poinsett) (data available)
May 17, 2016 1:37:07 PM Utils.Log log
INFO: [class Utils.StationDataWorker] Casey data downloaded
May 17, 2016 1:37:09 PM Utils.Log log
INFO: [class Utils.ForecastWorker] Starting to get forecast info for Casey (Cape Poinsett), source: ForecastIO
May 17, 2016 1:37:09 PM Utils.Log log
INFO: [class Data.DataManager] Loading cached data for Casey (Cape Poinsett)
May 17, 2016 1:37:09 PM Utils.Log log
INFO: [class Data.DataManager] Cached data successfully loaded for Casey (Cape Poinsett)
May 17, 2016 1:37:10 PM Utils.Log log
INFO: [class Utils.ForecastWorker] Casey (Cape Poinsett) forecast from ForecastIO downloaded
May 17, 2016 1:37:10 PM Utils.Log log
INFO: [class View.ForecastChart] New range, min: -36.8, max: 1.401298464324817E-45
May 17, 2016 2:05:14 PM Utils.Log log
INFO: [class Utils.AppStateManager] Existing app state loaded
May 17, 2016 2:05:14 PM Utils.Log log
INFO: [class Utils.FavoritesManager] Loading existing favorites
May 17, 2016 2:05:14 PM Utils.Log log
INFO: [class Data.DataManager] Loading cached data for Casey (Cape Poinsett)
May 17, 2016 2:05:14 PM Utils.Log log
INFO: [class Data.DataManager] Cached data successfully loaded for Casey (Cape Poinsett)
May 17, 2016 2:05:16 PM Utils.Log log
INFO: [class Data.DataManager] Starting to download data for Casey
May 17, 2016 2:05:16 PM Utils.Log log
INFO: [class Data.DataManager] Loading cached data for Casey
May 17, 2016 2:05:16 PM Utils.Log log
INFO: [class Data.DataManager] Cached data successfully loaded for Casey
May 17, 2016 2:05:16 PM Utils.Log log
INFO: [class Data.DataManager] Starting to download data for Casey (Cape Poinsett)
May 17, 2016 2:05:16 PM Utils.Log log
INFO: [class Data.DataManager] Loading cached data for Casey (Cape Poinsett)
May 17, 2016 2:05:16 PM Utils.Log log
INFO: [class Data.DataManager] Cached data successfully loaded for Casey (Cape Poinsett)
May 17, 2016 2:05:16 PM Utils.Log log
INFO: [class Utils.StationDataWorker] Casey (Cape Poinsett) data downloaded
May 17, 2016 2:05:16 PM Utils.Log log
INFO: [class View.Main] Station selected: Casey (Cape Poinsett) (data available)
May 17, 2016 2:05:16 PM Utils.Log log
INFO: [class Utils.StationDataWorker] Casey data downloaded
May 17, 2016 2:05:18 PM Utils.Log log
INFO: [class Utils.ForecastWorker] Starting to get forecast info for Casey (Cape Poinsett), source: ForecastIO
May 17, 2016 2:05:18 PM Utils.Log log
INFO: [class Data.DataManager] Loading cached data for Casey (Cape Poinsett)
May 17, 2016 2:05:18 PM Utils.Log log
INFO: [class Data.DataManager] Cached data successfully loaded for Casey (Cape Poinsett)
May 17, 2016 2:05:19 PM Utils.Log log
INFO: [class Utils.ForecastWorker] Casey (Cape Poinsett) forecast from ForecastIO downloaded
May 17, 2016 2:05:19 PM Utils.Log log
INFO: [class View.ForecastChart] New range, min: -36.8, max: 1.401298464324817E-45
May 17, 2016 2:05:41 PM Utils.Log log
INFO: [class Utils.AppStateManager] Existing app state loaded
May 17, 2016 2:05:41 PM Utils.Log log
INFO: [class Utils.FavoritesManager] Loading existing favorites
May 17, 2016 2:05:41 PM Utils.Log log
INFO: [class Data.DataManager] Loading cached data for Casey (Cape Poinsett)
May 17, 2016 2:05:41 PM Utils.Log log
INFO: [class Data.DataManager] Cached data successfully loaded for Casey (Cape Poinsett)
May 17, 2016 2:05:42 PM Utils.Log log
INFO: [class Data.DataManager] Starting to download data for Casey
May 17, 2016 2:05:42 PM Utils.Log log
INFO: [class Data.DataManager] Loading cached data for Casey
May 17, 2016 2:05:43 PM Utils.Log log
INFO: [class Data.DataManager] Cached data successfully loaded for Casey
May 17, 2016 2:05:43 PM Utils.Log log
INFO: [class Data.DataManager] Starting to download data for Casey (Cape Poinsett)
May 17, 2016 2:05:43 PM Utils.Log log
INFO: [class Data.DataManager] Loading cached data for Casey (Cape Poinsett)
May 17, 2016 2:05:43 PM Utils.Log log
INFO: [class Data.DataManager] Cached data successfully loaded for Casey (Cape Poinsett)
May 17, 2016 2:05:43 PM Utils.Log log
INFO: [class Utils.StationDataWorker] Casey (Cape Poinsett) data downloaded
May 17, 2016 2:05:43 PM Utils.Log log
INFO: [class View.Main] Station selected: Casey (Cape Poinsett) (data available)
May 17, 2016 2:05:43 PM Utils.Log log
INFO: [class Utils.StationDataWorker] Casey data downloaded
May 17, 2016 2:05:44 PM Utils.Log log
INFO: [class Utils.ForecastWorker] Starting to get forecast info for Casey (Cape Poinsett), source: ForecastIO
May 17, 2016 2:05:44 PM Utils.Log log
INFO: [class Data.DataManager] Loading cached data for Casey (Cape Poinsett)
May 17, 2016 2:05:44 PM Utils.Log log
INFO: [class Data.DataManager] Cached data successfully loaded for Casey (Cape Poinsett)
May 17, 2016 2:05:45 PM Utils.Log log
INFO: [class Utils.ForecastWorker] Casey (Cape Poinsett) forecast from ForecastIO downloaded
May 17, 2016 2:05:45 PM Utils.Log log
INFO: [class View.ForecastChart] New range, min: -36.8, max: 1.401298464324817E-45
May 17, 2016 2:06:01 PM Utils.Log log
INFO: [class Utils.AppStateManager] Existing app state loaded
May 17, 2016 2:06:01 PM Utils.Log log
INFO: [class Utils.FavoritesManager] Loading existing favorites
May 17, 2016 2:06:01 PM Utils.Log log
INFO: [class Data.DataManager] Loading cached data for Casey (Cape Poinsett)
May 17, 2016 2:06:01 PM Utils.Log log
INFO: [class Data.DataManager] Cached data successfully loaded for Casey (Cape Poinsett)
May 17, 2016 2:06:02 PM Utils.Log log
INFO: [class Data.DataManager] Starting to download data for Casey
May 17, 2016 2:06:02 PM Utils.Log log
INFO: [class Data.DataManager] Loading cached data for Casey
May 17, 2016 2:06:03 PM Utils.Log log
INFO: [class Data.DataManager] Cached data successfully loaded for Casey
May 17, 2016 2:06:03 PM Utils.Log log
INFO: [class Data.DataManager] Starting to download data for Casey (Cape Poinsett)
May 17, 2016 2:06:03 PM Utils.Log log
INFO: [class Data.DataManager] Loading cached data for Casey (Cape Poinsett)
May 17, 2016 2:06:03 PM Utils.Log log
INFO: [class Data.DataManager] Cached data successfully loaded for Casey (Cape Poinsett)
May 17, 2016 2:06:03 PM Utils.Log log
INFO: [class Utils.StationDataWorker] Casey (Cape Poinsett) data downloaded
May 17, 2016 2:06:03 PM Utils.Log log
INFO: [class View.Main] Station selected: Casey (Cape Poinsett) (data available)
May 17, 2016 2:06:03 PM Utils.Log log
INFO: [class Utils.StationDataWorker] Casey data downloaded
May 17, 2016 2:06:04 PM Utils.Log log
INFO: [class Utils.ForecastWorker] Starting to get forecast info for Casey (Cape Poinsett), source: ForecastIO
May 17, 2016 2:06:04 PM Utils.Log log
INFO: [class Data.DataManager] Loading cached data for Casey (Cape Poinsett)
May 17, 2016 2:06:04 PM Utils.Log log
INFO: [class Data.DataManager] Cached data successfully loaded for Casey (Cape Poinsett)
May 17, 2016 2:06:06 PM Utils.Log log
INFO: [class Utils.ForecastWorker] Casey (Cape Poinsett) forecast from ForecastIO downloaded
May 17, 2016 2:06:06 PM Utils.Log log
INFO: [class View.ForecastChart] New range, min: -36.8, max: 1.401298464324817E-45
May 17, 2016 2:08:23 PM Utils.Log log
INFO: [class Utils.AppStateManager] Existing app state loaded
May 17, 2016 2:08:23 PM Utils.Log log
INFO: [class Utils.FavoritesManager] Loading existing favorites
May 17, 2016 2:08:23 PM Utils.Log log
INFO: [class Data.DataManager] Loading cached data for Casey (Cape Poinsett)
May 17, 2016 2:08:23 PM Utils.Log log
INFO: [class Data.DataManager] Cached data successfully loaded for Casey (Cape Poinsett)
May 17, 2016 2:08:24 PM Utils.Log log
INFO: [class Data.DataManager] Starting to download data for Casey
May 17, 2016 2:08:24 PM Utils.Log log
INFO: [class Data.DataManager] Loading cached data for Casey
May 17, 2016 2:08:24 PM Utils.Log log
INFO: [class Data.DataManager] Cached data successfully loaded for Casey
May 17, 2016 2:08:24 PM Utils.Log log
INFO: [class Data.DataManager] Starting to download data for Casey (Cape Poinsett)
May 17, 2016 2:08:24 PM Utils.Log log
INFO: [class Data.DataManager] Loading cached data for Casey (Cape Poinsett)
May 17, 2016 2:08:24 PM Utils.Log log
INFO: [class Data.DataManager] Cached data successfully loaded for Casey (Cape Poinsett)
May 17, 2016 2:08:24 PM Utils.Log log
INFO: [class Utils.StationDataWorker] Casey (Cape Poinsett) data downloaded
May 17, 2016 2:08:24 PM Utils.Log log
INFO: [class View.Main] Station selected: Casey (Cape Poinsett) (data available)
May 17, 2016 2:08:25 PM Utils.Log log
INFO: [class Utils.StationDataWorker] Casey data downloaded
May 17, 2016 2:08:26 PM Utils.Log log
INFO: [class Utils.ForecastWorker] Starting to get forecast info for Casey (Cape Poinsett), source: ForecastIO
May 17, 2016 2:08:26 PM Utils.Log log
INFO: [class Data.DataManager] Loading cached data for Casey (Cape Poinsett)
May 17, 2016 2:08:26 PM Utils.Log log
INFO: [class Data.DataManager] Cached data successfully loaded for Casey (Cape Poinsett)
May 17, 2016 2:08:27 PM Utils.Log log
INFO: [class Utils.ForecastWorker] Casey (Cape Poinsett) forecast from ForecastIO downloaded
May 17, 2016 2:08:27 PM Utils.Log log
INFO: [class View.ForecastChart] New range, min: -36.8, max: 1.401298464324817E-45
May 17, 2016 2:08:31 PM Utils.Log log
INFO: [class Utils.AppStateManager] App state saved successfully
May 17, 2016 2:09:05 PM Utils.Log log
INFO: [class Utils.AppStateManager] Existing app state loaded
May 17, 2016 2:09:05 PM Utils.Log log
INFO: [class Utils.FavoritesManager] Loading existing favorites
May 17, 2016 2:09:05 PM Utils.Log log
INFO: [class Data.DataManager] Loading cached data for Casey (Cape Poinsett)
May 17, 2016 2:09:05 PM Utils.Log log
INFO: [class Data.DataManager] Cached data successfully loaded for Casey (Cape Poinsett)
May 17, 2016 2:09:06 PM Utils.Log log
INFO: [class Data.DataManager] Starting to download data for Casey
May 17, 2016 2:09:06 PM Utils.Log log
INFO: [class Data.DataManager] Loading cached data for Casey
May 17, 2016 2:09:06 PM Utils.Log log
INFO: [class Data.DataManager] Cached data successfully loaded for Casey
May 17, 2016 2:09:06 PM Utils.Log log
INFO: [class Data.DataManager] Starting to download data for Casey (Cape Poinsett)
May 17, 2016 2:09:06 PM Utils.Log log
INFO: [class Data.DataManager] Loading cached data for Casey (Cape Poinsett)
May 17, 2016 2:09:07 PM Utils.Log log
INFO: [class Data.DataManager] Cached data successfully loaded for Casey (Cape Poinsett)
May 17, 2016 2:09:07 PM Utils.Log log
INFO: [class Utils.StationDataWorker] Casey (Cape Poinsett) data downloaded
May 17, 2016 2:09:07 PM Utils.Log log
INFO: [class View.Main] Station selected: Casey (Cape Poinsett) (data available)
May 17, 2016 2:09:07 PM Utils.Log log
INFO: [class Utils.StationDataWorker] Casey data downloaded
May 17, 2016 2:09:13 PM Utils.Log log
INFO: [class Utils.ForecastWorker] Starting to get forecast info for Casey (Cape Poinsett), source: ForecastIO
May 17, 2016 2:09:13 PM Utils.Log log
INFO: [class Data.DataManager] Loading cached data for Casey (Cape Poinsett)
May 17, 2016 2:09:13 PM Utils.Log log
INFO: [class Data.DataManager] Cached data successfully loaded for Casey (Cape Poinsett)
May 17, 2016 2:09:15 PM Utils.Log log
INFO: [class Utils.ForecastWorker] Casey (Cape Poinsett) forecast from ForecastIO downloaded
May 17, 2016 2:09:15 PM Utils.Log log
INFO: [class View.ForecastChart] New range, min: -36.8, max: 1.401298464324817E-45
May 17, 2016 2:09:18 PM Utils.Log log
INFO: [class View.Main] Station selected: Casey (data available)
May 17, 2016 2:09:18 PM Utils.Log log
INFO: [class View.LineChart] New range, min: -25.1, max: 1.401298464324817E-45
May 17, 2016 2:09:19 PM Utils.Log log
INFO: [class Utils.ForecastWorker] Starting to get forecast info for Casey, source: ForecastIO
May 17, 2016 2:09:19 PM Utils.Log log
INFO: [class Data.DataManager] Loading cached data for Casey
May 17, 2016 2:09:19 PM Utils.Log log
INFO: [class Data.DataManager] Cached data successfully loaded for Casey
May 17, 2016 2:09:20 PM Utils.Log log
INFO: [class Utils.ForecastWorker] Casey forecast from ForecastIO downloaded
May 17, 2016 2:09:20 PM Utils.Log log
INFO: [class View.ForecastChart] New range, min: -33.11, max: 1.401298464324817E-45
May 17, 2016 2:09:28 PM Utils.Log log
INFO: [class Utils.FavoritesManager] Favorite added: Ballarat
May 17, 2016 2:09:28 PM Utils.Log log
INFO: [class Data.DataManager] Loading cached data for Ballarat
May 17, 2016 2:09:28 PM Utils.Log log
INFO: [class Data.DataManager] Unable to load cache\Victoria-Ballarat.json
May 17, 2016 2:09:28 PM Utils.Log log
INFO: [class View.Main] Station selected: Ballarat (no data)
May 17, 2016 2:09:28 PM Utils.Log log
INFO: [class Data.DataManager] Starting to download data for Casey
May 17, 2016 2:09:28 PM Utils.Log log
INFO: [class Data.DataManager] Loading cached data for Casey
May 17, 2016 2:09:28 PM Utils.Log log
INFO: [class Data.DataManager] Cached data successfully loaded for Casey
May 17, 2016 2:09:28 PM Utils.Log log
INFO: [class Data.DataManager] Starting to download data for Casey (Cape Poinsett)
May 17, 2016 2:09:28 PM Utils.Log log
INFO: [class Data.DataManager] Loading cached data for Casey (Cape Poinsett)
May 17, 2016 2:09:28 PM Utils.Log log
INFO: [class Data.DataManager] Cached data successfully loaded for Casey (Cape Poinsett)
May 17, 2016 2:09:28 PM Utils.Log log
INFO: [class Data.DataManager] Starting to download data for Ballarat
May 17, 2016 2:09:28 PM Utils.Log log
INFO: [class Data.DataManager] Loading cached data for Ballarat
May 17, 2016 2:09:28 PM Utils.Log log
INFO: [class Data.DataManager] Unable to load cache\Victoria-Ballarat.json
May 17, 2016 2:09:28 PM Utils.Log log
INFO: [class Utils.StationDataWorker] Casey (Cape Poinsett) data downloaded
May 17, 2016 2:09:29 PM Utils.Log log
INFO: [class Utils.ForecastWorker] Starting to get forecast info for Ballarat, source: ForecastIO
May 17, 2016 2:09:29 PM Utils.Log log
INFO: [class Data.DataManager] Loading cached data for Ballarat
May 17, 2016 2:09:29 PM Utils.Log log
INFO: [class Data.DataManager] Unable to load cache\Victoria-Ballarat.json
May 17, 2016 2:09:29 PM Utils.Log log
INFO: [class Data.DataManager] Starting to download data for Ballarat
May 17, 2016 2:09:29 PM Utils.Log log
INFO: [class Utils.StationDataWorker] Casey data downloaded
May 17, 2016 2:09:30 PM Utils.Log log
INFO: [class Utils.StationDataWorker] Ballarat data downloaded
May 17, 2016 2:09:30 PM Utils.Log log
INFO: [class View.Main] Station selected: Ballarat (data available)
May 17, 2016 2:09:30 PM Utils.Log log
INFO: [class View.LineChart] New range, min: 1.3, max: 21.7
May 17, 2016 2:09:31 PM Utils.Log log
INFO: [class Utils.ForecastWorker] Ballarat forecast from ForecastIO downloaded
May 17, 2016 2:09:31 PM Utils.Log log
INFO: [class View.ForecastChart] New range, min: 2.42, max: 15.77
May 17, 2016 2:10:21 PM Utils.Log log
INFO: [class Utils.AppStateManager] App state saved successfully
May 17, 2016 2:10:37 PM Utils.Log log
INFO: [class Utils.AppStateManager] Existing app state loaded
May 17, 2016 2:10:38 PM Utils.Log log
INFO: [class Utils.FavoritesManager] Loading existing favorites
May 17, 2016 2:10:38 PM Utils.Log log
INFO: [class Data.DataManager] Loading cached data for Ballarat
May 17, 2016 2:10:38 PM Utils.Log log
INFO: [class Data.DataManager] Cached data successfully loaded for Ballarat
May 17, 2016 2:10:39 PM Utils.Log log
INFO: [class View.LineChart] New range, min: 1.3, max: 21.7
May 17, 2016 2:10:39 PM Utils.Log log
INFO: [class Data.DataManager] Starting to download data for Casey
May 17, 2016 2:10:39 PM Utils.Log log
INFO: [class Data.DataManager] Loading cached data for Casey
May 17, 2016 2:10:39 PM Utils.Log log
INFO: [class Data.DataManager] Cached data successfully loaded for Casey
May 17, 2016 2:10:39 PM Utils.Log log
INFO: [class Data.DataManager] Starting to download data for Casey (Cape Poinsett)
May 17, 2016 2:10:39 PM Utils.Log log
INFO: [class Data.DataManager] Loading cached data for Casey (Cape Poinsett)
May 17, 2016 2:10:39 PM Utils.Log log
INFO: [class Data.DataManager] Cached data successfully loaded for Casey (Cape Poinsett)
May 17, 2016 2:10:39 PM Utils.Log log
INFO: [class Data.DataManager] Starting to download data for Ballarat
May 17, 2016 2:10:39 PM Utils.Log log
INFO: [class Data.DataManager] Loading cached data for Ballarat
May 17, 2016 2:10:39 PM Utils.Log log
INFO: [class Data.DataManager] Cached data successfully loaded for Ballarat
May 17, 2016 2:10:41 PM Utils.Log log
INFO: [class Utils.StationDataWorker] Casey (Cape Poinsett) data downloaded
May 17, 2016 2:10:41 PM Utils.Log log
INFO: [class Utils.ForecastWorker] Starting to get forecast info for Ballarat, source: ForecastIO
May 17, 2016 2:10:41 PM Utils.Log log
INFO: [class Utils.StationDataWorker] Ballarat data downloaded
May 17, 2016 2:10:41 PM Utils.Log log
INFO: [class Data.DataManager] Loading cached data for Ballarat
May 17, 2016 2:10:41 PM Utils.Log log
INFO: [class View.Main] Station selected: Ballarat (data available)
May 17, 2016 2:10:41 PM Utils.Log log
INFO: [class View.LineChart] New range, min: 1.3, max: 21.7
May 17, 2016 2:10:41 PM Utils.Log log
INFO: [class Data.DataManager] Cached data successfully loaded for Ballarat
May 17, 2016 2:10:41 PM Utils.Log log
INFO: [class Utils.StationDataWorker] Casey data downloaded
May 17, 2016 2:10:42 PM Utils.Log log
INFO: [class View.Main] Station selected: Casey (Cape Poinsett) (data available)
May 17, 2016 2:10:42 PM Utils.Log log
INFO: [class Utils.ForecastWorker] Ballarat forecast from ForecastIO downloaded
May 17, 2016 2:10:42 PM Utils.Log log
INFO: [class View.ForecastChart] New range, min: 2.42, max: 15.77
May 17, 2016 2:10:50 PM Utils.Log log
INFO: [class Utils.AppStateManager] App state saved successfully
May 17, 2016 2:12:14 PM Utils.Log log
INFO: [class Utils.AppStateManager] Existing app state loaded
May 17, 2016 2:12:14 PM Utils.Log log
INFO: [class Utils.FavoritesManager] Loading existing favorites
May 17, 2016 2:12:14 PM Utils.Log log
INFO: [class Data.DataManager] Loading cached data for Casey (Cape Poinsett)
May 17, 2016 2:12:14 PM Utils.Log log
INFO: [class Data.DataManager] Cached data successfully loaded for Casey (Cape Poinsett)
May 17, 2016 2:12:15 PM Utils.Log log
INFO: [class Data.DataManager] Starting to download data for Casey
May 17, 2016 2:12:15 PM Utils.Log log
INFO: [class Data.DataManager] Loading cached data for Casey
May 17, 2016 2:12:15 PM Utils.Log log
INFO: [class Data.DataManager] Cached data successfully loaded for Casey
May 17, 2016 2:12:15 PM Utils.Log log
INFO: [class Data.DataManager] Starting to download data for Casey (Cape Poinsett)
May 17, 2016 2:12:15 PM Utils.Log log
INFO: [class Data.DataManager] Loading cached data for Casey (Cape Poinsett)
May 17, 2016 2:12:15 PM Utils.Log log
INFO: [class Data.DataManager] Cached data successfully loaded for Casey (Cape Poinsett)
May 17, 2016 2:12:15 PM Utils.Log log
INFO: [class Data.DataManager] Starting to download data for Ballarat
May 17, 2016 2:12:15 PM Utils.Log log
INFO: [class Data.DataManager] Loading cached data for Ballarat
May 17, 2016 2:12:15 PM Utils.Log log
INFO: [class Data.DataManager] Cached data successfully loaded for Ballarat
May 17, 2016 2:12:16 PM Utils.Log log
INFO: [class Utils.StationDataWorker] Casey (Cape Poinsett) data downloaded
May 17, 2016 2:12:16 PM Utils.Log log
INFO: [class View.Main] Station selected: Casey (Cape Poinsett) (data available)
May 17, 2016 2:12:16 PM Utils.Log log
INFO: [class Utils.StationDataWorker] Casey data downloaded
May 17, 2016 2:12:16 PM Utils.Log log
INFO: [class Utils.StationDataWorker] Ballarat data downloaded
May 17, 2016 2:12:21 PM Utils.Log log
INFO: [class Utils.AppStateManager] App state saved successfully
May 17, 2016 2:15:08 PM Utils.Log log
INFO: [class Utils.AppStateManager] Existing app state loaded
May 17, 2016 2:15:08 PM Utils.Log log
INFO: [class Utils.FavoritesManager] Loading existing favorites
May 17, 2016 2:15:08 PM Utils.Log log
INFO: [class Data.DataManager] Loading cached data for Casey (Cape Poinsett)
May 17, 2016 2:15:08 PM Utils.Log log
INFO: [class Data.DataManager] Cached data successfully loaded for Casey (Cape Poinsett)
May 17, 2016 2:15:10 PM Utils.Log log
INFO: [class Data.DataManager] Starting to download data for Casey
May 17, 2016 2:15:10 PM Utils.Log log
INFO: [class Data.DataManager] Loading cached data for Casey
May 17, 2016 2:15:10 PM Utils.Log log
INFO: [class Data.DataManager] Cached data successfully loaded for Casey
May 17, 2016 2:15:10 PM Utils.Log log
INFO: [class Data.DataManager] Starting to download data for Casey (Cape Poinsett)
May 17, 2016 2:15:10 PM Utils.Log log
INFO: [class Data.DataManager] Loading cached data for Casey (Cape Poinsett)
May 17, 2016 2:15:10 PM Utils.Log log
INFO: [class Data.DataManager] Cached data successfully loaded for Casey (Cape Poinsett)
May 17, 2016 2:15:10 PM Utils.Log log
INFO: [class Data.DataManager] Starting to download data for Ballarat
May 17, 2016 2:15:10 PM Utils.Log log
INFO: [class Data.DataManager] Loading cached data for Ballarat
May 17, 2016 2:15:10 PM Utils.Log log
INFO: [class Data.DataManager] Cached data successfully loaded for Ballarat
May 17, 2016 2:15:10 PM Utils.Log log
INFO: [class Utils.StationDataWorker] Casey (Cape Poinsett) data downloaded
May 17, 2016 2:15:10 PM Utils.Log log
INFO: [class View.Main] Station selected: Casey (Cape Poinsett) (data available)
May 17, 2016 2:15:11 PM Utils.Log log
INFO: [class Utils.StationDataWorker] Casey data downloaded
May 17, 2016 2:15:11 PM Utils.Log log
INFO: [class Utils.StationDataWorker] Ballarat data downloaded
May 17, 2016 2:15:19 PM Utils.Log log
INFO: [class Utils.ForecastWorker] Starting to get forecast info for Casey (Cape Poinsett), source: ForecastIO
May 17, 2016 2:15:19 PM Utils.Log log
INFO: [class Data.DataManager] Loading cached data for Casey (Cape Poinsett)
May 17, 2016 2:15:19 PM Utils.Log log
INFO: [class Data.DataManager] Cached data successfully loaded for Casey (Cape Poinsett)
May 17, 2016 2:15:20 PM Utils.Log log
INFO: [class Utils.ForecastWorker] Casey (Cape Poinsett) forecast from ForecastIO downloaded
May 17, 2016 2:15:20 PM Utils.Log log
INFO: [class View.ForecastChart] New range, min: -36.8, max: 1.401298464324817E-45
May 17, 2016 2:15:31 PM Utils.Log log
INFO: [class Utils.ForecastWorker] Starting to get forecast info for Casey (Cape Poinsett), source: ForecastIO
May 17, 2016 2:15:31 PM Utils.Log log
INFO: [class Data.DataManager] Loading cached data for Casey (Cape Poinsett)
May 17, 2016 2:15:31 PM Utils.Log log
INFO: [class Data.DataManager] Cached data successfully loaded for Casey (Cape Poinsett)
May 17, 2016 2:15:32 PM Utils.Log log
INFO: [class Utils.ForecastWorker] Casey (Cape Poinsett) forecast from ForecastIO downloaded
May 17, 2016 2:15:32 PM Utils.Log log
INFO: [class View.ForecastChart] New range, min: -36.8, max: 1.401298464324817E-45
May 17, 2016 2:15:37 PM Utils.Log log
INFO: [class Utils.ForecastWorker] Starting to get forecast info for Casey (Cape Poinsett), source: ForecastIO
May 17, 2016 2:15:37 PM Utils.Log log
INFO: [class Data.DataManager] Loading cached data for Casey (Cape Poinsett)
May 17, 2016 2:15:37 PM Utils.Log log
INFO: [class Data.DataManager] Cached data successfully loaded for Casey (Cape Poinsett)
May 17, 2016 2:15:38 PM Utils.Log log
INFO: [class Utils.ForecastWorker] Casey (Cape Poinsett) forecast from ForecastIO downloaded
May 17, 2016 2:15:38 PM Utils.Log log
INFO: [class View.ForecastChart] New range, min: -36.8, max: 1.401298464324817E-45
May 17, 2016 2:16:44 PM Utils.Log log
INFO: [class Utils.AppStateManager] App state saved successfully
